#
# A fatal error has been detected by the Java Runtime Environment:
#
#  EXCEPTION_ACCESS_VIOLATION (0xc0000005) at pc=0x00007fff3a02d118, pid=3488, tid=19016
#
# JRE version: Java(TM) SE Runtime Environment (17.0.9+11) (build 17.0.9+11-LTS-201)
# Java VM: Java HotSpot(TM) 64-Bit Server VM (17.0.9+11-LTS-201, mixed mode, sharing, tiered, compressed oops, compressed class ptrs, g1 gc, windows-amd64)
# Problematic frame:
# V  [jvm.dll+0x7ad118]
#
# No core dump will be written. Minidumps are not enabled by default on client versions of Windows
#
# If you would like to submit a bug report, please visit:
#   https://bugreport.java.com/bugreport/crash.jsp
#

---------------  S U M M A R Y ------------

Command Line: -javaagent:F:\IntelliJ IDEA 2021.1.3\lib\idea_rt.jar=51635:F:\IntelliJ IDEA 2021.1.3\bin -Dfile.encoding=UTF-8 easy.BuildArrayFromPermutation

Host: Intel(R) Core(TM) i7-6700HQ CPU @ 2.60GHz, 8 cores, 15G,  Windows 10 , 64 bit Build 19041 (10.0.19041.3636)
Time: Wed May  8 19:32:37 2024 SE Asia Standard Time elapsed time: 0.226027 seconds (0d 0h 0m 0s)

---------------  T H R E A D  ---------------

Current thread (0x0000027c5e195040):  JavaThread "main" [_thread_in_vm, id=19016, stack(0x000000a630000000,0x000000a630100000)]

Stack: [0x000000a630000000,0x000000a630100000],  sp=0x000000a6300fefc0,  free space=1019k
Native frames: (J=compiled Java code, j=interpreted, Vv=VM code, C=native code)
V  [jvm.dll+0x7ad118]
C  0x0000027c6e79d621

Java frames: (J=compiled Java code, j=interpreted, Vv=VM code)
j  jdk.internal.misc.Unsafe.getInt(Ljava/lang/Object;J)I+0 java.base@17.0.9
j  jdk.internal.misc.Unsafe.getInt(J)I+3 java.base@17.0.9
j  sun.misc.Unsafe.getInt(J)I+4 jdk.unsupported@17.0.9
j  easy.BuildArrayFromPermutation.main([Ljava/lang/String;)V+27
v  ~StubRoutines::call_stub

siginfo: EXCEPTION_ACCESS_VIOLATION (0xc0000005), reading address 0x0000000000000004


Register to memory mapping:

RIP=0x00007fff3a02d118 jvm.dll
RAX=0x0 is NULL
RBX=0x0000027c5e195040 is a thread
RCX=0x0000027c5e1952f0 points into unknown readable memory: 0x00007fff3a324660 | 60 46 32 3a ff 7f 00 00
RDX=0x000000a6300ff0b8 is pointing into the stack for thread: 0x0000027c5e195040
RSP=0x000000a6300fefc0 is pointing into the stack for thread: 0x0000027c5e195040
RBP=0x000000a6300ff080 is pointing into the stack for thread: 0x0000027c5e195040
RSI=0x0 is NULL
RDI=0x0 is NULL
R8 =0x0 is NULL
R9 =0x0000000000000004 is an unknown value
R10=0x0000027c6e79d5f2 is at code_begin+946 in an Interpreter codelet
method entry point (kind = native)  [0x0000027c6e79d240, 0x0000027c6e79dbc0]  2432 bytes
R11=0x0000000000000101 is an unknown value
R12=0x0 is NULL
R13=0x0000027c04b15758 is pointing into metadata
R14=0x0000000000000004 is an unknown value
R15=0x0000027c5e195040 is a thread


Registers:
RAX=0x0000000000000000, RBX=0x0000027c5e195040, RCX=0x0000027c5e1952f0, RDX=0x000000a6300ff0b8
RSP=0x000000a6300fefc0, RBP=0x000000a6300ff080, RSI=0x0000000000000000, RDI=0x0000000000000000
R8 =0x0000000000000000, R9 =0x0000000000000004, R10=0x0000027c6e79d5f2, R11=0x0000000000000101
R12=0x0000000000000000, R13=0x0000027c04b15758, R14=0x0000000000000004, R15=0x0000027c5e195040
RIP=0x00007fff3a02d118, EFLAGS=0x0000000000010246

Top of Stack: (sp=0x000000a6300fefc0)
0x000000a6300fefc0:   0000000000000007 000000000000000d
0x000000a6300fefd0:   0000027c7edaee00 0000027c4508b1e8
0x000000a6300fefe0:   000000a6300ff0b8 0000027c6e79d621
0x000000a6300feff0:   0000027c044185f8 0000000000000060
0x000000a6300ff000:   0000027c6e799657 000000a6300ff088
0x000000a6300ff010:   0000000000000060 00007fff39ea971e
0x000000a6300ff020:   0000027c5e195040 0000027c6e799657
0x000000a6300ff030:   0000000000000060 000000a6300ff038
0x000000a6300ff040:   0000000000000000 000000a6300ff0b8
0x000000a6300ff050:   0000027c04415868 0000000000000000
0x000000a6300ff060:   0000000711e05808 0000027c044185f8
0x000000a6300ff070:   0000000000000000 000000a6300ff0a0
0x000000a6300ff080:   000000a6300ff108 0000027c6e799612
0x000000a6300ff090:   0000000000000000 0000027c6e79af76
0x000000a6300ff0a0:   0000000000000004 0000000000000000
0x000000a6300ff0b0:   0000000000000000 0000000711e0c8e8 

Instructions: (pc=0x00007fff3a02d118)
0x00007fff3a02d018:   41 10 48 8b 4f 08 48 8b 47 18 48 89 41 18 48 8b
0x00007fff3a02d028:   4f 08 48 8b 47 20 48 89 41 20 48 8d 8b 90 02 00
0x00007fff3a02d038:   00 e8 b2 bd b1 ff 48 8b 6c 24 38 90 48 8b 74 24
0x00007fff3a02d048:   40 c7 83 40 03 00 00 04 00 00 00 48 8b 5c 24 30
0x00007fff3a02d058:   48 83 c4 20 5f c3 cc cc 48 89 5c 24 08 48 89 74
0x00007fff3a02d068:   24 10 48 89 7c 24 18 41 56 48 83 ec 20 8b 81 b8
0x00007fff3a02d078:   00 00 00 48 8d 99 50 fd ff ff 05 55 21 ff ff 33
0x00007fff3a02d088:   ff 4d 8b f1 49 8b f0 83 f8 01 76 0a 48 8b cb e8
0x00007fff3a02d098:   14 c8 fd ff 8b df c7 83 40 03 00 00 05 00 00 00
0x00007fff3a02d0a8:   e8 63 cc eb ff 90 48 8b 83 48 03 00 00 a8 01 74
0x00007fff3a02d0b8:   0a b2 01 48 8b cb e8 1d cd f2 ff 39 bb 34 03 00
0x00007fff3a02d0c8:   00 75 0a 8b 83 30 03 00 00 a8 0c 74 0a 33 d2 48
0x00007fff3a02d0d8:   8b cb e8 b1 ef fd ff c7 83 40 03 00 00 06 00 00
0x00007fff3a02d0e8:   00 48 85 f6 74 1e 40 f6 c6 01 74 0c 48 8d 4e ff
0x00007fff3a02d0f8:   ff 15 72 4d 2f 00 eb 09 48 8b ce ff 15 17 cf 2e
0x00007fff3a02d108:   00 48 8b f8 48 85 ff 75 14 c6 83 70 03 00 00 01
0x00007fff3a02d118:   41 8b 34 3e 40 88 bb 70 03 00 00 eb 04 41 8b 34
0x00007fff3a02d128:   3e 48 8b bb e8 00 00 00 48 8b 47 10 48 83 38 00
0x00007fff3a02d138:   74 08 48 8b cf e8 9e ca b9 ff 48 8b 57 08 48 8b
0x00007fff3a02d148:   4f 10 48 89 4a 10 48 8b 57 08 48 8b 4f 18 48 89
0x00007fff3a02d158:   4a 18 48 8b 57 08 48 8b 4f 20 48 89 4a 20 48 8d
0x00007fff3a02d168:   8b 90 02 00 00 48 8b d3 e8 7b bc b1 ff 48 8b 7c
0x00007fff3a02d178:   24 40 90 c7 83 40 03 00 00 04 00 00 00 8b c6 48
0x00007fff3a02d188:   8b 5c 24 30 48 8b 74 24 38 48 83 c4 20 41 5e c3
0x00007fff3a02d198:   cc cc cc cc cc cc cc cc 48 89 5c 24 08 48 89 6c
0x00007fff3a02d1a8:   24 10 48 89 74 24 18 57 48 83 ec 20 8b 81 b8 00
0x00007fff3a02d1b8:   00 00 48 8d 99 50 fd ff ff 05 55 21 ff ff 33 ff
0x00007fff3a02d1c8:   49 8b e9 49 8b f0 83 f8 01 76 0a 48 8b cb e8 d5
0x00007fff3a02d1d8:   c6 fd ff 8b df c7 83 40 03 00 00 05 00 00 00 e8
0x00007fff3a02d1e8:   24 cb eb ff 90 48 8b 83 48 03 00 00 a8 01 74 0a
0x00007fff3a02d1f8:   b2 01 48 8b cb e8 de cb f2 ff 39 bb 34 03 00 00
0x00007fff3a02d208:   75 0a 8b 83 30 03 00 00 a8 0c 74 0a 33 d2 48 8b 


Stack slot to memory mapping:
stack at sp + 0 slots: 0x0000000000000007 is an unknown value
stack at sp + 1 slots: 0x000000000000000d is an unknown value
stack at sp + 2 slots: 0x0000027c7edaee00 points into unknown readable memory: 0x0000000000000000 | 00 00 00 00 00 00 00 00
stack at sp + 3 slots: 0x0000027c4508b1e8 is pointing into metadata
stack at sp + 4 slots: 0x000000a6300ff0b8 is pointing into the stack for thread: 0x0000027c5e195040
stack at sp + 5 slots: 0x0000027c6e79d621 is at code_begin+993 in an Interpreter codelet
method entry point (kind = native)  [0x0000027c6e79d240, 0x0000027c6e79dbc0]  2432 bytes
stack at sp + 6 slots: {method} {0x0000027c04418600} 'getInt' '(Ljava/lang/Object;J)I' in 'jdk/internal/misc/Unsafe'
stack at sp + 7 slots: 0x0000000000000060 is an unknown value


---------------  P R O C E S S  ---------------

Threads class SMR info:
_java_thread_list=0x0000027c492808b0, length=13, elements={
0x0000027c5e195040, 0x0000027c7eeedb20, 0x0000027c7eeee9a0, 0x0000027c7eeffac0,
0x0000027c7ef00590, 0x0000027c7ef02f60, 0x0000027c7ef03920, 0x0000027c7ef05620,
0x0000027c7ef12800, 0x0000027c49108090, 0x0000027c491f8120, 0x0000027c49311bf0,
0x0000027c493120d0
}

Java Threads: ( => current thread )
=>0x0000027c5e195040 JavaThread "main" [_thread_in_vm, id=19016, stack(0x000000a630000000,0x000000a630100000)]
  0x0000027c7eeedb20 JavaThread "Reference Handler" daemon [_thread_blocked, id=5296, stack(0x000000a630700000,0x000000a630800000)]
  0x0000027c7eeee9a0 JavaThread "Finalizer" daemon [_thread_blocked, id=21716, stack(0x000000a630800000,0x000000a630900000)]
  0x0000027c7eeffac0 JavaThread "Signal Dispatcher" daemon [_thread_blocked, id=16884, stack(0x000000a630900000,0x000000a630a00000)]
  0x0000027c7ef00590 JavaThread "Attach Listener" daemon [_thread_blocked, id=16088, stack(0x000000a630a00000,0x000000a630b00000)]
  0x0000027c7ef02f60 JavaThread "Service Thread" daemon [_thread_blocked, id=5092, stack(0x000000a630b00000,0x000000a630c00000)]
  0x0000027c7ef03920 JavaThread "Monitor Deflation Thread" daemon [_thread_blocked, id=604, stack(0x000000a630c00000,0x000000a630d00000)]
  0x0000027c7ef05620 JavaThread "C2 CompilerThread0" daemon [_thread_blocked, id=21788, stack(0x000000a630d00000,0x000000a630e00000)]
  0x0000027c7ef12800 JavaThread "C1 CompilerThread0" daemon [_thread_blocked, id=21308, stack(0x000000a630e00000,0x000000a630f00000)]
  0x0000027c49108090 JavaThread "Sweeper thread" daemon [_thread_blocked, id=18600, stack(0x000000a630f00000,0x000000a631000000)]
  0x0000027c491f8120 JavaThread "Common-Cleaner" daemon [_thread_blocked, id=8412, stack(0x000000a631000000,0x000000a631100000)]
  0x0000027c49311bf0 JavaThread "Monitor Ctrl-Break" daemon [_thread_in_native, id=20104, stack(0x000000a631100000,0x000000a631200000)]
  0x0000027c493120d0 JavaThread "Notification Thread" daemon [_thread_blocked, id=10124, stack(0x000000a631200000,0x000000a631300000)]

Other Threads:
  0x0000027c7eee6f00 VMThread "VM Thread" [stack: 0x000000a630600000,0x000000a630700000] [id=19024]
  0x0000027c5e218250 WatcherThread [stack: 0x000000a631300000,0x000000a631400000] [id=20768]
  0x0000027c5e200320 GCTaskThread "GC Thread#0" [stack: 0x000000a630100000,0x000000a630200000] [id=1676]
  0x0000027c5e211040 ConcurrentGCThread "G1 Main Marker" [stack: 0x000000a630200000,0x000000a630300000] [id=1588]
  0x0000027c5e2121f0 ConcurrentGCThread "G1 Conc#0" [stack: 0x000000a630300000,0x000000a630400000] [id=18296]
  0x0000027c5e267a70 ConcurrentGCThread "G1 Refine#0" [stack: 0x000000a630400000,0x000000a630500000] [id=10712]
  0x0000027c5e2684a0 ConcurrentGCThread "G1 Service" [stack: 0x000000a630500000,0x000000a630600000] [id=19072]

Threads with active compile tasks:

VM state: not at safepoint (normal execution)

VM Mutex/Monitor currently owned by a thread: None

Heap address: 0x0000000702200000, size: 4062 MB, Compressed Oops mode: Zero based, Oop shift amount: 3

CDS archive(s) mapped at: [0x0000027c04000000-0x0000027c04bd0000-0x0000027c04bd0000), size 12386304, SharedBaseAddress: 0x0000027c04000000, ArchiveRelocationMode: 1.
Compressed class space mapped at: 0x0000027c05000000-0x0000027c45000000, reserved size: 1073741824
Narrow klass base: 0x0000027c04000000, Narrow klass shift: 0, Narrow klass range: 0x100000000

GC Precious Log:
 CPUs: 8 total, 8 available
 Memory: 16246M
 Large Page Support: Disabled
 NUMA Support: Disabled
 Compressed Oops: Enabled (Zero based)
 Heap Region Size: 2M
 Heap Min Capacity: 8M
 Heap Initial Capacity: 254M
 Heap Max Capacity: 4062M
 Pre-touch: Disabled
 Parallel Workers: 8
 Concurrent Workers: 2
 Concurrent Refinement Workers: 8
 Periodic GC: Disabled

Heap:
 garbage-first heap   total 260096K, used 2048K [0x0000000702200000, 0x0000000800000000)
  region size 2048K, 2 young (4096K), 0 survivors (0K)
 Metaspace       used 723K, committed 896K, reserved 1114112K
  class space    used 57K, committed 128K, reserved 1048576K

Heap Regions: E=young(eden), S=young(survivor), O=old, HS=humongous(starts), HC=humongous(continues), CS=collection set, F=free, OA=open archive, CA=closed archive, TAMS=top-at-mark-start (previous, next)
|   0|0x0000000702200000, 0x0000000702200000, 0x0000000702400000|  0%| F|  |TAMS 0x0000000702200000, 0x0000000702200000| Untracked 
|   1|0x0000000702400000, 0x0000000702400000, 0x0000000702600000|  0%| F|  |TAMS 0x0000000702400000, 0x0000000702400000| Untracked 
|   2|0x0000000702600000, 0x0000000702600000, 0x0000000702800000|  0%| F|  |TAMS 0x0000000702600000, 0x0000000702600000| Untracked 
|   3|0x0000000702800000, 0x0000000702800000, 0x0000000702a00000|  0%| F|  |TAMS 0x0000000702800000, 0x0000000702800000| Untracked 
|   4|0x0000000702a00000, 0x0000000702a00000, 0x0000000702c00000|  0%| F|  |TAMS 0x0000000702a00000, 0x0000000702a00000| Untracked 
|   5|0x0000000702c00000, 0x0000000702c00000, 0x0000000702e00000|  0%| F|  |TAMS 0x0000000702c00000, 0x0000000702c00000| Untracked 
|   6|0x0000000702e00000, 0x0000000702e00000, 0x0000000703000000|  0%| F|  |TAMS 0x0000000702e00000, 0x0000000702e00000| Untracked 
|   7|0x0000000703000000, 0x0000000703000000, 0x0000000703200000|  0%| F|  |TAMS 0x0000000703000000, 0x0000000703000000| Untracked 
|   8|0x0000000703200000, 0x0000000703200000, 0x0000000703400000|  0%| F|  |TAMS 0x0000000703200000, 0x0000000703200000| Untracked 
|   9|0x0000000703400000, 0x0000000703400000, 0x0000000703600000|  0%| F|  |TAMS 0x0000000703400000, 0x0000000703400000| Untracked 
|  10|0x0000000703600000, 0x0000000703600000, 0x0000000703800000|  0%| F|  |TAMS 0x0000000703600000, 0x0000000703600000| Untracked 
|  11|0x0000000703800000, 0x0000000703800000, 0x0000000703a00000|  0%| F|  |TAMS 0x0000000703800000, 0x0000000703800000| Untracked 
|  12|0x0000000703a00000, 0x0000000703a00000, 0x0000000703c00000|  0%| F|  |TAMS 0x0000000703a00000, 0x0000000703a00000| Untracked 
|  13|0x0000000703c00000, 0x0000000703c00000, 0x0000000703e00000|  0%| F|  |TAMS 0x0000000703c00000, 0x0000000703c00000| Untracked 
|  14|0x0000000703e00000, 0x0000000703e00000, 0x0000000704000000|  0%| F|  |TAMS 0x0000000703e00000, 0x0000000703e00000| Untracked 
|  15|0x0000000704000000, 0x0000000704000000, 0x0000000704200000|  0%| F|  |TAMS 0x0000000704000000, 0x0000000704000000| Untracked 
|  16|0x0000000704200000, 0x0000000704200000, 0x0000000704400000|  0%| F|  |TAMS 0x0000000704200000, 0x0000000704200000| Untracked 
|  17|0x0000000704400000, 0x0000000704400000, 0x0000000704600000|  0%| F|  |TAMS 0x0000000704400000, 0x0000000704400000| Untracked 
|  18|0x0000000704600000, 0x0000000704600000, 0x0000000704800000|  0%| F|  |TAMS 0x0000000704600000, 0x0000000704600000| Untracked 
|  19|0x0000000704800000, 0x0000000704800000, 0x0000000704a00000|  0%| F|  |TAMS 0x0000000704800000, 0x0000000704800000| Untracked 
|  20|0x0000000704a00000, 0x0000000704a00000, 0x0000000704c00000|  0%| F|  |TAMS 0x0000000704a00000, 0x0000000704a00000| Untracked 
|  21|0x0000000704c00000, 0x0000000704c00000, 0x0000000704e00000|  0%| F|  |TAMS 0x0000000704c00000, 0x0000000704c00000| Untracked 
|  22|0x0000000704e00000, 0x0000000704e00000, 0x0000000705000000|  0%| F|  |TAMS 0x0000000704e00000, 0x0000000704e00000| Untracked 
|  23|0x0000000705000000, 0x0000000705000000, 0x0000000705200000|  0%| F|  |TAMS 0x0000000705000000, 0x0000000705000000| Untracked 
|  24|0x0000000705200000, 0x0000000705200000, 0x0000000705400000|  0%| F|  |TAMS 0x0000000705200000, 0x0000000705200000| Untracked 
|  25|0x0000000705400000, 0x0000000705400000, 0x0000000705600000|  0%| F|  |TAMS 0x0000000705400000, 0x0000000705400000| Untracked 
|  26|0x0000000705600000, 0x0000000705600000, 0x0000000705800000|  0%| F|  |TAMS 0x0000000705600000, 0x0000000705600000| Untracked 
|  27|0x0000000705800000, 0x0000000705800000, 0x0000000705a00000|  0%| F|  |TAMS 0x0000000705800000, 0x0000000705800000| Untracked 
|  28|0x0000000705a00000, 0x0000000705a00000, 0x0000000705c00000|  0%| F|  |TAMS 0x0000000705a00000, 0x0000000705a00000| Untracked 
|  29|0x0000000705c00000, 0x0000000705c00000, 0x0000000705e00000|  0%| F|  |TAMS 0x0000000705c00000, 0x0000000705c00000| Untracked 
|  30|0x0000000705e00000, 0x0000000705e00000, 0x0000000706000000|  0%| F|  |TAMS 0x0000000705e00000, 0x0000000705e00000| Untracked 
|  31|0x0000000706000000, 0x0000000706000000, 0x0000000706200000|  0%| F|  |TAMS 0x0000000706000000, 0x0000000706000000| Untracked 
|  32|0x0000000706200000, 0x0000000706200000, 0x0000000706400000|  0%| F|  |TAMS 0x0000000706200000, 0x0000000706200000| Untracked 
|  33|0x0000000706400000, 0x0000000706400000, 0x0000000706600000|  0%| F|  |TAMS 0x0000000706400000, 0x0000000706400000| Untracked 
|  34|0x0000000706600000, 0x0000000706600000, 0x0000000706800000|  0%| F|  |TAMS 0x0000000706600000, 0x0000000706600000| Untracked 
|  35|0x0000000706800000, 0x0000000706800000, 0x0000000706a00000|  0%| F|  |TAMS 0x0000000706800000, 0x0000000706800000| Untracked 
|  36|0x0000000706a00000, 0x0000000706a00000, 0x0000000706c00000|  0%| F|  |TAMS 0x0000000706a00000, 0x0000000706a00000| Untracked 
|  37|0x0000000706c00000, 0x0000000706c00000, 0x0000000706e00000|  0%| F|  |TAMS 0x0000000706c00000, 0x0000000706c00000| Untracked 
|  38|0x0000000706e00000, 0x0000000706e00000, 0x0000000707000000|  0%| F|  |TAMS 0x0000000706e00000, 0x0000000706e00000| Untracked 
|  39|0x0000000707000000, 0x0000000707000000, 0x0000000707200000|  0%| F|  |TAMS 0x0000000707000000, 0x0000000707000000| Untracked 
|  40|0x0000000707200000, 0x0000000707200000, 0x0000000707400000|  0%| F|  |TAMS 0x0000000707200000, 0x0000000707200000| Untracked 
|  41|0x0000000707400000, 0x0000000707400000, 0x0000000707600000|  0%| F|  |TAMS 0x0000000707400000, 0x0000000707400000| Untracked 
|  42|0x0000000707600000, 0x0000000707600000, 0x0000000707800000|  0%| F|  |TAMS 0x0000000707600000, 0x0000000707600000| Untracked 
|  43|0x0000000707800000, 0x0000000707800000, 0x0000000707a00000|  0%| F|  |TAMS 0x0000000707800000, 0x0000000707800000| Untracked 
|  44|0x0000000707a00000, 0x0000000707a00000, 0x0000000707c00000|  0%| F|  |TAMS 0x0000000707a00000, 0x0000000707a00000| Untracked 
|  45|0x0000000707c00000, 0x0000000707c00000, 0x0000000707e00000|  0%| F|  |TAMS 0x0000000707c00000, 0x0000000707c00000| Untracked 
|  46|0x0000000707e00000, 0x0000000707e00000, 0x0000000708000000|  0%| F|  |TAMS 0x0000000707e00000, 0x0000000707e00000| Untracked 
|  47|0x0000000708000000, 0x0000000708000000, 0x0000000708200000|  0%| F|  |TAMS 0x0000000708000000, 0x0000000708000000| Untracked 
|  48|0x0000000708200000, 0x0000000708200000, 0x0000000708400000|  0%| F|  |TAMS 0x0000000708200000, 0x0000000708200000| Untracked 
|  49|0x0000000708400000, 0x0000000708400000, 0x0000000708600000|  0%| F|  |TAMS 0x0000000708400000, 0x0000000708400000| Untracked 
|  50|0x0000000708600000, 0x0000000708600000, 0x0000000708800000|  0%| F|  |TAMS 0x0000000708600000, 0x0000000708600000| Untracked 
|  51|0x0000000708800000, 0x0000000708800000, 0x0000000708a00000|  0%| F|  |TAMS 0x0000000708800000, 0x0000000708800000| Untracked 
|  52|0x0000000708a00000, 0x0000000708a00000, 0x0000000708c00000|  0%| F|  |TAMS 0x0000000708a00000, 0x0000000708a00000| Untracked 
|  53|0x0000000708c00000, 0x0000000708c00000, 0x0000000708e00000|  0%| F|  |TAMS 0x0000000708c00000, 0x0000000708c00000| Untracked 
|  54|0x0000000708e00000, 0x0000000708e00000, 0x0000000709000000|  0%| F|  |TAMS 0x0000000708e00000, 0x0000000708e00000| Untracked 
|  55|0x0000000709000000, 0x0000000709000000, 0x0000000709200000|  0%| F|  |TAMS 0x0000000709000000, 0x0000000709000000| Untracked 
|  56|0x0000000709200000, 0x0000000709200000, 0x0000000709400000|  0%| F|  |TAMS 0x0000000709200000, 0x0000000709200000| Untracked 
|  57|0x0000000709400000, 0x0000000709400000, 0x0000000709600000|  0%| F|  |TAMS 0x0000000709400000, 0x0000000709400000| Untracked 
|  58|0x0000000709600000, 0x0000000709600000, 0x0000000709800000|  0%| F|  |TAMS 0x0000000709600000, 0x0000000709600000| Untracked 
|  59|0x0000000709800000, 0x0000000709800000, 0x0000000709a00000|  0%| F|  |TAMS 0x0000000709800000, 0x0000000709800000| Untracked 
|  60|0x0000000709a00000, 0x0000000709a00000, 0x0000000709c00000|  0%| F|  |TAMS 0x0000000709a00000, 0x0000000709a00000| Untracked 
|  61|0x0000000709c00000, 0x0000000709c00000, 0x0000000709e00000|  0%| F|  |TAMS 0x0000000709c00000, 0x0000000709c00000| Untracked 
|  62|0x0000000709e00000, 0x0000000709e00000, 0x000000070a000000|  0%| F|  |TAMS 0x0000000709e00000, 0x0000000709e00000| Untracked 
|  63|0x000000070a000000, 0x000000070a000000, 0x000000070a200000|  0%| F|  |TAMS 0x000000070a000000, 0x000000070a000000| Untracked 
|  64|0x000000070a200000, 0x000000070a200000, 0x000000070a400000|  0%| F|  |TAMS 0x000000070a200000, 0x000000070a200000| Untracked 
|  65|0x000000070a400000, 0x000000070a400000, 0x000000070a600000|  0%| F|  |TAMS 0x000000070a400000, 0x000000070a400000| Untracked 
|  66|0x000000070a600000, 0x000000070a600000, 0x000000070a800000|  0%| F|  |TAMS 0x000000070a600000, 0x000000070a600000| Untracked 
|  67|0x000000070a800000, 0x000000070a800000, 0x000000070aa00000|  0%| F|  |TAMS 0x000000070a800000, 0x000000070a800000| Untracked 
|  68|0x000000070aa00000, 0x000000070aa00000, 0x000000070ac00000|  0%| F|  |TAMS 0x000000070aa00000, 0x000000070aa00000| Untracked 
|  69|0x000000070ac00000, 0x000000070ac00000, 0x000000070ae00000|  0%| F|  |TAMS 0x000000070ac00000, 0x000000070ac00000| Untracked 
|  70|0x000000070ae00000, 0x000000070ae00000, 0x000000070b000000|  0%| F|  |TAMS 0x000000070ae00000, 0x000000070ae00000| Untracked 
|  71|0x000000070b000000, 0x000000070b000000, 0x000000070b200000|  0%| F|  |TAMS 0x000000070b000000, 0x000000070b000000| Untracked 
|  72|0x000000070b200000, 0x000000070b200000, 0x000000070b400000|  0%| F|  |TAMS 0x000000070b200000, 0x000000070b200000| Untracked 
|  73|0x000000070b400000, 0x000000070b400000, 0x000000070b600000|  0%| F|  |TAMS 0x000000070b400000, 0x000000070b400000| Untracked 
|  74|0x000000070b600000, 0x000000070b600000, 0x000000070b800000|  0%| F|  |TAMS 0x000000070b600000, 0x000000070b600000| Untracked 
|  75|0x000000070b800000, 0x000000070b800000, 0x000000070ba00000|  0%| F|  |TAMS 0x000000070b800000, 0x000000070b800000| Untracked 
|  76|0x000000070ba00000, 0x000000070ba00000, 0x000000070bc00000|  0%| F|  |TAMS 0x000000070ba00000, 0x000000070ba00000| Untracked 
|  77|0x000000070bc00000, 0x000000070bc00000, 0x000000070be00000|  0%| F|  |TAMS 0x000000070bc00000, 0x000000070bc00000| Untracked 
|  78|0x000000070be00000, 0x000000070be00000, 0x000000070c000000|  0%| F|  |TAMS 0x000000070be00000, 0x000000070be00000| Untracked 
|  79|0x000000070c000000, 0x000000070c000000, 0x000000070c200000|  0%| F|  |TAMS 0x000000070c000000, 0x000000070c000000| Untracked 
|  80|0x000000070c200000, 0x000000070c200000, 0x000000070c400000|  0%| F|  |TAMS 0x000000070c200000, 0x000000070c200000| Untracked 
|  81|0x000000070c400000, 0x000000070c400000, 0x000000070c600000|  0%| F|  |TAMS 0x000000070c400000, 0x000000070c400000| Untracked 
|  82|0x000000070c600000, 0x000000070c600000, 0x000000070c800000|  0%| F|  |TAMS 0x000000070c600000, 0x000000070c600000| Untracked 
|  83|0x000000070c800000, 0x000000070c800000, 0x000000070ca00000|  0%| F|  |TAMS 0x000000070c800000, 0x000000070c800000| Untracked 
|  84|0x000000070ca00000, 0x000000070ca00000, 0x000000070cc00000|  0%| F|  |TAMS 0x000000070ca00000, 0x000000070ca00000| Untracked 
|  85|0x000000070cc00000, 0x000000070cc00000, 0x000000070ce00000|  0%| F|  |TAMS 0x000000070cc00000, 0x000000070cc00000| Untracked 
|  86|0x000000070ce00000, 0x000000070ce00000, 0x000000070d000000|  0%| F|  |TAMS 0x000000070ce00000, 0x000000070ce00000| Untracked 
|  87|0x000000070d000000, 0x000000070d000000, 0x000000070d200000|  0%| F|  |TAMS 0x000000070d000000, 0x000000070d000000| Untracked 
|  88|0x000000070d200000, 0x000000070d200000, 0x000000070d400000|  0%| F|  |TAMS 0x000000070d200000, 0x000000070d200000| Untracked 
|  89|0x000000070d400000, 0x000000070d400000, 0x000000070d600000|  0%| F|  |TAMS 0x000000070d400000, 0x000000070d400000| Untracked 
|  90|0x000000070d600000, 0x000000070d600000, 0x000000070d800000|  0%| F|  |TAMS 0x000000070d600000, 0x000000070d600000| Untracked 
|  91|0x000000070d800000, 0x000000070d800000, 0x000000070da00000|  0%| F|  |TAMS 0x000000070d800000, 0x000000070d800000| Untracked 
|  92|0x000000070da00000, 0x000000070da00000, 0x000000070dc00000|  0%| F|  |TAMS 0x000000070da00000, 0x000000070da00000| Untracked 
|  93|0x000000070dc00000, 0x000000070dc00000, 0x000000070de00000|  0%| F|  |TAMS 0x000000070dc00000, 0x000000070dc00000| Untracked 
|  94|0x000000070de00000, 0x000000070de00000, 0x000000070e000000|  0%| F|  |TAMS 0x000000070de00000, 0x000000070de00000| Untracked 
|  95|0x000000070e000000, 0x000000070e000000, 0x000000070e200000|  0%| F|  |TAMS 0x000000070e000000, 0x000000070e000000| Untracked 
|  96|0x000000070e200000, 0x000000070e200000, 0x000000070e400000|  0%| F|  |TAMS 0x000000070e200000, 0x000000070e200000| Untracked 
|  97|0x000000070e400000, 0x000000070e400000, 0x000000070e600000|  0%| F|  |TAMS 0x000000070e400000, 0x000000070e400000| Untracked 
|  98|0x000000070e600000, 0x000000070e600000, 0x000000070e800000|  0%| F|  |TAMS 0x000000070e600000, 0x000000070e600000| Untracked 
|  99|0x000000070e800000, 0x000000070e800000, 0x000000070ea00000|  0%| F|  |TAMS 0x000000070e800000, 0x000000070e800000| Untracked 
| 100|0x000000070ea00000, 0x000000070ea00000, 0x000000070ec00000|  0%| F|  |TAMS 0x000000070ea00000, 0x000000070ea00000| Untracked 
| 101|0x000000070ec00000, 0x000000070ec00000, 0x000000070ee00000|  0%| F|  |TAMS 0x000000070ec00000, 0x000000070ec00000| Untracked 
| 102|0x000000070ee00000, 0x000000070ee00000, 0x000000070f000000|  0%| F|  |TAMS 0x000000070ee00000, 0x000000070ee00000| Untracked 
| 103|0x000000070f000000, 0x000000070f000000, 0x000000070f200000|  0%| F|  |TAMS 0x000000070f000000, 0x000000070f000000| Untracked 
| 104|0x000000070f200000, 0x000000070f200000, 0x000000070f400000|  0%| F|  |TAMS 0x000000070f200000, 0x000000070f200000| Untracked 
| 105|0x000000070f400000, 0x000000070f400000, 0x000000070f600000|  0%| F|  |TAMS 0x000000070f400000, 0x000000070f400000| Untracked 
| 106|0x000000070f600000, 0x000000070f600000, 0x000000070f800000|  0%| F|  |TAMS 0x000000070f600000, 0x000000070f600000| Untracked 
| 107|0x000000070f800000, 0x000000070f800000, 0x000000070fa00000|  0%| F|  |TAMS 0x000000070f800000, 0x000000070f800000| Untracked 
| 108|0x000000070fa00000, 0x000000070fa00000, 0x000000070fc00000|  0%| F|  |TAMS 0x000000070fa00000, 0x000000070fa00000| Untracked 
| 109|0x000000070fc00000, 0x000000070fc00000, 0x000000070fe00000|  0%| F|  |TAMS 0x000000070fc00000, 0x000000070fc00000| Untracked 
| 110|0x000000070fe00000, 0x000000070fe00000, 0x0000000710000000|  0%| F|  |TAMS 0x000000070fe00000, 0x000000070fe00000| Untracked 
| 111|0x0000000710000000, 0x0000000710000000, 0x0000000710200000|  0%| F|  |TAMS 0x0000000710000000, 0x0000000710000000| Untracked 
| 112|0x0000000710200000, 0x0000000710200000, 0x0000000710400000|  0%| F|  |TAMS 0x0000000710200000, 0x0000000710200000| Untracked 
| 113|0x0000000710400000, 0x0000000710400000, 0x0000000710600000|  0%| F|  |TAMS 0x0000000710400000, 0x0000000710400000| Untracked 
| 114|0x0000000710600000, 0x0000000710600000, 0x0000000710800000|  0%| F|  |TAMS 0x0000000710600000, 0x0000000710600000| Untracked 
| 115|0x0000000710800000, 0x0000000710800000, 0x0000000710a00000|  0%| F|  |TAMS 0x0000000710800000, 0x0000000710800000| Untracked 
| 116|0x0000000710a00000, 0x0000000710a00000, 0x0000000710c00000|  0%| F|  |TAMS 0x0000000710a00000, 0x0000000710a00000| Untracked 
| 117|0x0000000710c00000, 0x0000000710c00000, 0x0000000710e00000|  0%| F|  |TAMS 0x0000000710c00000, 0x0000000710c00000| Untracked 
| 118|0x0000000710e00000, 0x0000000710e00000, 0x0000000711000000|  0%| F|  |TAMS 0x0000000710e00000, 0x0000000710e00000| Untracked 
| 119|0x0000000711000000, 0x0000000711000000, 0x0000000711200000|  0%| F|  |TAMS 0x0000000711000000, 0x0000000711000000| Untracked 
| 120|0x0000000711200000, 0x0000000711200000, 0x0000000711400000|  0%| F|  |TAMS 0x0000000711200000, 0x0000000711200000| Untracked 
| 121|0x0000000711400000, 0x0000000711400000, 0x0000000711600000|  0%| F|  |TAMS 0x0000000711400000, 0x0000000711400000| Untracked 
| 122|0x0000000711600000, 0x0000000711600000, 0x0000000711800000|  0%| F|  |TAMS 0x0000000711600000, 0x0000000711600000| Untracked 
| 123|0x0000000711800000, 0x0000000711800000, 0x0000000711a00000|  0%| F|  |TAMS 0x0000000711800000, 0x0000000711800000| Untracked 
| 124|0x0000000711a00000, 0x0000000711a00000, 0x0000000711c00000|  0%| F|  |TAMS 0x0000000711a00000, 0x0000000711a00000| Untracked 
| 125|0x0000000711c00000, 0x0000000711ce1ca8, 0x0000000711e00000| 44%| E|  |TAMS 0x0000000711c00000, 0x0000000711c00000| Complete 
| 126|0x0000000711e00000, 0x0000000712000000, 0x0000000712000000|100%| E|CS|TAMS 0x0000000711e00000, 0x0000000711e00000| Complete 

Card table byte_map: [0x0000027c774b0000,0x0000027c77ca0000] _byte_map_base: 0x0000027c73c9f000

Marking Bits (Prev, Next): (CMBitMap*) 0x0000027c5e200940, (CMBitMap*) 0x0000027c5e200980
 Prev Bits: [0x0000027c78490000, 0x0000027c7c408000)
 Next Bits: [0x0000027c00000000, 0x0000027c03f78000)

Polling page: 0x0000027c5e270000

Metaspace:

Usage:
  Non-class:    666.20 KB used.
      Class:     57.66 KB used.
       Both:    723.86 KB used.

Virtual space:
  Non-class space:       64.00 MB reserved,     768.00 KB (  1%) committed,  1 nodes.
      Class space:        1.00 GB reserved,     128.00 KB ( <1%) committed,  1 nodes.
             Both:        1.06 GB reserved,     896.00 KB ( <1%) committed. 

Chunk freelists:
   Non-Class:  11.98 MB
       Class:  15.74 MB
        Both:  27.72 MB

MaxMetaspaceSize: unlimited
CompressedClassSpaceSize: 1.00 GB
Initial GC threshold: 21.00 MB
Current GC threshold: 21.00 MB
CDS: on
MetaspaceReclaimPolicy: balanced
 - commit_granule_bytes: 65536.
 - commit_granule_words: 8192.
 - virtual_space_node_default_size: 8388608.
 - enlarge_chunks_in_place: 1.
 - new_chunks_are_fully_committed: 0.
 - uncommit_free_chunks: 1.
 - use_allocation_guard: 0.
 - handle_deallocations: 1.


Internal statistics:

num_allocs_failed_limit: 0.
num_arena_births: 10.
num_arena_deaths: 0.
num_vsnodes_births: 2.
num_vsnodes_deaths: 0.
num_space_committed: 14.
num_space_uncommitted: 0.
num_chunks_returned_to_freelist: 0.
num_chunks_taken_from_freelist: 15.
num_chunk_merges: 0.
num_chunk_splits: 8.
num_chunks_enlarged: 3.
num_inconsistent_stats: 0.

CodeHeap 'non-profiled nmethods': size=120000Kb used=59Kb max_used=59Kb free=119940Kb
 bounds [0x0000027c6ed30000, 0x0000027c6efa0000, 0x0000027c76260000]
CodeHeap 'profiled nmethods': size=120000Kb used=192Kb max_used=192Kb free=119807Kb
 bounds [0x0000027c67260000, 0x0000027c674d0000, 0x0000027c6e790000]
CodeHeap 'non-nmethods': size=5760Kb used=1117Kb max_used=1129Kb free=4642Kb
 bounds [0x0000027c6e790000, 0x0000027c6ea00000, 0x0000027c6ed30000]
 total_blobs=575 nmethods=179 adapters=309
 compilation: enabled
              stopped_count=0, restarted_count=0
 full_count=0

Compilation events (20 events):
Event: 0.184 Thread 0x0000027c7ef12800  167       3       java.lang.StringUTF16::getChar (60 bytes)
Event: 0.184 Thread 0x0000027c7ef12800 nmethod 167 0x0000027c6728e010 code [0x0000027c6728e1a0, 0x0000027c6728e318]
Event: 0.187 Thread 0x0000027c7ef12800  168       3       java.lang.invoke.MemberName::isInvocable (8 bytes)
Event: 0.187 Thread 0x0000027c7ef12800 nmethod 168 0x0000027c6728e410 code [0x0000027c6728e5c0, 0x0000027c6728e858]
Event: 0.187 Thread 0x0000027c7ef12800  169       3       java.lang.invoke.MemberName::testAnyFlags (15 bytes)
Event: 0.187 Thread 0x0000027c7ef12800 nmethod 169 0x0000027c6728e990 code [0x0000027c6728eb40, 0x0000027c6728ed78]
Event: 0.187 Thread 0x0000027c7ef12800  170       3       java.lang.System::getSecurityManager (12 bytes)
Event: 0.187 Thread 0x0000027c7ef12800 nmethod 170 0x0000027c6728ee10 code [0x0000027c6728efa0, 0x0000027c6728f138]
Event: 0.187 Thread 0x0000027c7ef12800  171       3       java.lang.System::allowSecurityManager (13 bytes)
Event: 0.187 Thread 0x0000027c7ef12800 nmethod 171 0x0000027c6728f210 code [0x0000027c6728f3a0, 0x0000027c6728f4b8]
Event: 0.188 Thread 0x0000027c7ef12800  173       3       java.lang.Math::max (11 bytes)
Event: 0.189 Thread 0x0000027c7ef12800 nmethod 173 0x0000027c6728f510 code [0x0000027c6728f6a0, 0x0000027c6728f7d8]
Event: 0.202 Thread 0x0000027c7ef12800  175       1       java.lang.invoke.MethodType::ptypes (5 bytes)
Event: 0.202 Thread 0x0000027c7ef12800 nmethod 175 0x0000027c6ed3e010 code [0x0000027c6ed3e1a0, 0x0000027c6ed3e278]
Event: 0.202 Thread 0x0000027c7ef05620  176       4       java.lang.String::charAt (25 bytes)
Event: 0.204 Thread 0x0000027c7ef05620 nmethod 176 0x0000027c6ed3e310 code [0x0000027c6ed3e4a0, 0x0000027c6ed3e588]
Event: 0.204 Thread 0x0000027c7ef12800  177       3       java.lang.invoke.MethodType$ConcurrentWeakInternSet::expungeStaleElements (27 bytes)
Event: 0.204 Thread 0x0000027c7ef12800 nmethod 177 0x0000027c6728f890 code [0x0000027c6728fa60, 0x0000027c6728ff58]
Event: 0.207 Thread 0x0000027c7ef12800  178       1       java.lang.Class::getModule (5 bytes)
Event: 0.207 Thread 0x0000027c7ef12800 nmethod 178 0x0000027c6ed3e690 code [0x0000027c6ed3e820, 0x0000027c6ed3e8f8]

GC Heap History (0 events):
No events

Deoptimization events (0 events):
No events

Classes unloaded (0 events):
No events

Classes redefined (0 events):
No events

Internal exceptions (2 events):
Event: 0.188 Thread 0x0000027c49311bf0 Exception <a 'java/lang/NoSuchMethodError'{0x0000000711c759f0}: 'java.lang.Object java.lang.invoke.DirectMethodHandle$Holder.invokeStaticInit(java.lang.Object)'> (0x0000000711c759f0) 
thrown [s\open\src\hotspot\share\interpreter\linkResolver.cpp, line 759]
Event: 0.202 Thread 0x0000027c49311bf0 Exception <a 'java/lang/NoSuchMethodError'{0x0000000711c83900}: 'void java.lang.invoke.DirectMethodHandle$Holder.invokeStatic(java.lang.Object, java.lang.Object)'> (0x0000000711c83900) 
thrown [s\open\src\hotspot\share\interpreter\linkResolver.cpp, line 759]

VM Operations (4 events):
Event: 0.094 Executing VM operation: HandshakeAllThreads
Event: 0.094 Executing VM operation: HandshakeAllThreads done
Event: 0.186 Executing VM operation: HandshakeAllThreads
Event: 0.186 Executing VM operation: HandshakeAllThreads done

Events (20 events):
Event: 0.206 loading class sun/net/spi/DefaultProxySelector$1 done
Event: 0.207 loading class sun/misc/Unsafe
Event: 0.207 loading class sun/net/spi/DefaultProxySelector$NonProxyInfo
Event: 0.207 loading class sun/net/spi/DefaultProxySelector$NonProxyInfo done
Event: 0.207 loading class sun/misc/Unsafe done
Event: 0.207 loading class sun/net/spi/DefaultProxySelector$3
Event: 0.207 loading class sun/net/spi/DefaultProxySelector$3 done
Event: 0.207 loading class sun/net/NetHooks
Event: 0.207 loading class sun/net/NetHooks done
Event: 0.207 loading class sun/nio/ch/NativeThread
Event: 0.207 loading class jdk/internal/reflect/UnsafeFieldAccessorFactory
Event: 0.207 loading class sun/nio/ch/NativeThread done
Event: 0.207 loading class jdk/internal/reflect/UnsafeFieldAccessorFactory done
Event: 0.207 loading class jdk/internal/reflect/UnsafeQualifiedStaticObjectFieldAccessorImpl
Event: 0.207 loading class jdk/internal/reflect/UnsafeQualifiedStaticFieldAccessorImpl
Event: 0.208 loading class jdk/internal/reflect/UnsafeQualifiedStaticFieldAccessorImpl done
Event: 0.208 loading class jdk/internal/reflect/UnsafeQualifiedStaticObjectFieldAccessorImpl done
Event: 0.208 loading class java/io/BufferedReader
Event: 0.208 loading class java/io/BufferedReader done
Event: 0.208 loading class java/net/Socket$SocketInputStream


Dynamic libraries:
0x00007ff61be20000 - 0x00007ff61be30000 	C:\Users\nhata\Downloads\jdk-17_windows-x64_bin\jdk-17.0.9\bin\java.exe
0x00007fff86dd0000 - 0x00007fff86fc8000 	C:\Windows\SYSTEM32\ntdll.dll
0x00007fff85fb0000 - 0x00007fff8606d000 	C:\Windows\System32\KERNEL32.DLL
0x00007fff847b0000 - 0x00007fff84aa6000 	C:\Windows\System32\KERNELBASE.dll
0x00007fff84d00000 - 0x00007fff84e00000 	C:\Windows\System32\ucrtbase.dll
0x00007fff7b230000 - 0x00007fff7b249000 	C:\Users\nhata\Downloads\jdk-17_windows-x64_bin\jdk-17.0.9\bin\jli.dll
0x00007fff7c3c0000 - 0x00007fff7c3db000 	C:\Users\nhata\Downloads\jdk-17_windows-x64_bin\jdk-17.0.9\bin\VCRUNTIME140.dll
0x00007fff84e40000 - 0x00007fff84ef0000 	C:\Windows\System32\ADVAPI32.dll
0x00007fff86250000 - 0x00007fff862ee000 	C:\Windows\System32\msvcrt.dll
0x00007fff862f0000 - 0x00007fff86390000 	C:\Windows\System32\sechost.dll
0x00007fff863f0000 - 0x00007fff86513000 	C:\Windows\System32\RPCRT4.dll
0x00007fff845a0000 - 0x00007fff845c7000 	C:\Windows\System32\bcrypt.dll
0x00007fff86ae0000 - 0x00007fff86c7f000 	C:\Windows\System32\USER32.dll
0x00007fff6bf50000 - 0x00007fff6c1ea000 	C:\Windows\WinSxS\amd64_microsoft.windows.common-controls_6595b64144ccf1df_6.0.19041.3636_none_60b6a03d71f818d5\COMCTL32.dll
0x00007fff845d0000 - 0x00007fff845f2000 	C:\Windows\System32\win32u.dll
0x00007fff856e0000 - 0x00007fff8570b000 	C:\Windows\System32\GDI32.dll
0x00007fff84690000 - 0x00007fff847a7000 	C:\Windows\System32\gdi32full.dll
0x00007fff84ab0000 - 0x00007fff84b4d000 	C:\Windows\System32\msvcp_win.dll
0x00007fff7d890000 - 0x00007fff7d89a000 	C:\Windows\SYSTEM32\VERSION.dll
0x00007fff84e00000 - 0x00007fff84e32000 	C:\Windows\System32\IMM32.DLL
0x00007fff7fc60000 - 0x00007fff7fc6c000 	C:\Users\nhata\Downloads\jdk-17_windows-x64_bin\jdk-17.0.9\bin\vcruntime140_1.dll
0x00007fff60f70000 - 0x00007fff60ffe000 	C:\Users\nhata\Downloads\jdk-17_windows-x64_bin\jdk-17.0.9\bin\msvcp140.dll
0x00007fff39880000 - 0x00007fff3a461000 	C:\Users\nhata\Downloads\jdk-17_windows-x64_bin\jdk-17.0.9\bin\server\jvm.dll
0x00007fff86d10000 - 0x00007fff86d18000 	C:\Windows\System32\PSAPI.DLL
0x00007fff6b890000 - 0x00007fff6b899000 	C:\Windows\SYSTEM32\WSOCK32.dll
0x00007fff6d2e0000 - 0x00007fff6d307000 	C:\Windows\SYSTEM32\WINMM.dll
0x00007fff86d20000 - 0x00007fff86d8b000 	C:\Windows\System32\WS2_32.dll
0x00007fff824b0000 - 0x00007fff824c2000 	C:\Windows\SYSTEM32\kernel.appcore.dll
0x00007fff7eef0000 - 0x00007fff7eefa000 	C:\Users\nhata\Downloads\jdk-17_windows-x64_bin\jdk-17.0.9\bin\jimage.dll
0x00007fff82020000 - 0x00007fff82204000 	C:\Windows\SYSTEM32\DBGHELP.DLL
0x00007fff7bac0000 - 0x00007fff7baf4000 	C:\Windows\SYSTEM32\dbgcore.DLL
0x00007fff84600000 - 0x00007fff84682000 	C:\Windows\System32\bcryptPrimitives.dll
0x00007fff7dcd0000 - 0x00007fff7dcde000 	C:\Users\nhata\Downloads\jdk-17_windows-x64_bin\jdk-17.0.9\bin\instrument.dll
0x00007fff6dc80000 - 0x00007fff6dca5000 	C:\Users\nhata\Downloads\jdk-17_windows-x64_bin\jdk-17.0.9\bin\java.dll
0x00007fff4d660000 - 0x00007fff4d737000 	C:\Users\nhata\Downloads\jdk-17_windows-x64_bin\jdk-17.0.9\bin\jsvml.dll
0x00007fff84f10000 - 0x00007fff8567b000 	C:\Windows\System32\SHELL32.dll
0x00007fff824d0000 - 0x00007fff82c6e000 	C:\Windows\SYSTEM32\windows.storage.dll
0x00007fff86520000 - 0x00007fff86873000 	C:\Windows\System32\combase.dll
0x00007fff83dd0000 - 0x00007fff83dfe000 	C:\Windows\SYSTEM32\Wldp.dll
0x00007fff858a0000 - 0x00007fff8596d000 	C:\Windows\System32\OLEAUT32.dll
0x00007fff861a0000 - 0x00007fff8624d000 	C:\Windows\System32\SHCORE.dll
0x00007fff85680000 - 0x00007fff856d5000 	C:\Windows\System32\shlwapi.dll
0x00007fff843b0000 - 0x00007fff843d3000 	C:\Windows\SYSTEM32\profapi.dll
0x00007fff6ca60000 - 0x00007fff6ca78000 	C:\Users\nhata\Downloads\jdk-17_windows-x64_bin\jdk-17.0.9\bin\zip.dll
0x00007fff6dc60000 - 0x00007fff6dc79000 	C:\Users\nhata\Downloads\jdk-17_windows-x64_bin\jdk-17.0.9\bin\net.dll
0x00007fff7d550000 - 0x00007fff7d65a000 	C:\Windows\SYSTEM32\WINHTTP.dll
0x00007fff83bb0000 - 0x00007fff83c1a000 	C:\Windows\system32\mswsock.dll
0x00007fff6dc40000 - 0x00007fff6dc56000 	C:\Users\nhata\Downloads\jdk-17_windows-x64_bin\jdk-17.0.9\bin\nio.dll
0x00007fff6ca40000 - 0x00007fff6ca5a000 	F:\IntelliJ IDEA 2021.1.3\bin\breakgen64.dll

dbghelp: loaded successfully - version: 4.0.5 - missing functions: none
symbol engine: initialized successfully - sym options: 0x614 - pdb path: .;C:\Users\nhata\Downloads\jdk-17_windows-x64_bin\jdk-17.0.9\bin;C:\Windows\SYSTEM32;C:\Windows\WinSxS\amd64_microsoft.windows.common-controls_6595b64144ccf1df_6.0.19041.3636_none_60b6a03d71f818d5;C:\Users\nhata\Downloads\jdk-17_windows-x64_bin\jdk-17.0.9\bin\server;F:\IntelliJ IDEA 2021.1.3\bin

VM Arguments:
jvm_args: -javaagent:F:\IntelliJ IDEA 2021.1.3\lib\idea_rt.jar=51635:F:\IntelliJ IDEA 2021.1.3\bin -Dfile.encoding=UTF-8 
java_command: easy.BuildArrayFromPermutation
java_class_path (initial): F:\TechMasterJavaCore\Leetcode\out\production\Leetcode
Launcher Type: SUN_STANDARD

[Global flags]
     intx CICompilerCount                          = 4                                         {product} {ergonomic}
     uint ConcGCThreads                            = 2                                         {product} {ergonomic}
     uint G1ConcRefinementThreads                  = 8                                         {product} {ergonomic}
   size_t G1HeapRegionSize                         = 2097152                                   {product} {ergonomic}
    uintx GCDrainStackTargetSize                   = 64                                        {product} {ergonomic}
   size_t InitialHeapSize                          = 266338304                                 {product} {ergonomic}
   size_t MarkStackSize                            = 4194304                                   {product} {ergonomic}
   size_t MaxHeapSize                              = 4259315712                                {product} {ergonomic}
   size_t MaxNewSize                               = 2554331136                                {product} {ergonomic}
   size_t MinHeapDeltaBytes                        = 2097152                                   {product} {ergonomic}
   size_t MinHeapSize                              = 8388608                                   {product} {ergonomic}
    uintx NonNMethodCodeHeapSize                   = 5839372                                {pd product} {ergonomic}
    uintx NonProfiledCodeHeapSize                  = 122909434                              {pd product} {ergonomic}
    uintx ProfiledCodeHeapSize                     = 122909434                              {pd product} {ergonomic}
    uintx ReservedCodeCacheSize                    = 251658240                              {pd product} {ergonomic}
     bool SegmentedCodeCache                       = true                                      {product} {ergonomic}
   size_t SoftMaxHeapSize                          = 4259315712                             {manageable} {ergonomic}
     bool UseCompressedClassPointers               = true                           {product lp64_product} {ergonomic}
     bool UseCompressedOops                        = true                           {product lp64_product} {ergonomic}
     bool UseG1GC                                  = true                                      {product} {ergonomic}
     bool UseLargePagesIndividualAllocation        = false                                  {pd product} {ergonomic}

Logging:
Log output configuration:
 #0: stdout all=warning uptime,level,tags
 #1: stderr all=off uptime,level,tags

Environment Variables:
JAVA_HOME=C:\Program Files\Java\jdk-19
PATH=C:\Program Files\Common Files\Oracle\Java\javapath;C:\Program Files (x86)\Common Files\Oracle\Java\javapath;C:\ProgramData\Oracle\Java\javapath;C:\Program Files (x86)\Common Files\Intel\Shared Libraries\redist\intel64_win\compiler;C:\Program Files (x86)\Common Files\Intel\Shared Libraries\redist\intel64\compiler;C:\Windows\system32;C:\Windows;C:\Windows\System32\Wbem;C:\Windows\System32\WindowsPowerShell\v1.0\;C:\Windows\System32\OpenSSH\;C:\Program Files (x86)\NVIDIA Corporation\PhysX\Common;C:\Program Files\Azure Data Studio\bin;C:\Program Files\Microsoft SQL Server\Client SDK\ODBC\170\Tools\Binn\;C:\Program Files\Microsoft SQL Server\150\Tools\Binn\;C:\Program Files\nodejs\;C:\Program Files\Git\cmd;C:\Program Files\Docker\Docker\resources\bin;C:\Users\nhata\Downloads\sonar-scanner-cli-4.8.0.2856-windows\sonar-scanner-4.8.0.2856-windows\bin;C:\Program Files\dotnet\;C:\Program Files\NVIDIA Corporation\NVIDIA NvDLISR;C:\Program Files\MySQL\MySQL Shell 8.0\bin\;C:\Users\nhata\AppData\Local\Microsoft\WindowsApps;C:\Users\nhata\AppData\Local\Programs\Microsoft VS Code\bin;C:\Program Files\Azure Data Studio\bin;C:\Users\nhata\AppData\Roaming\npm;C:\Users\nhata\.dotnet\tools;C:\Users\nhata\AppData\Local\GitHubDesktop\bin;F:\IntelliJ IDEA 2021.1.3\bin;
USERNAME=nhata
OS=Windows_NT
PROCESSOR_IDENTIFIER=Intel64 Family 6 Model 94 Stepping 3, GenuineIntel



---------------  S Y S T E M  ---------------

OS:
 Windows 10 , 64 bit Build 19041 (10.0.19041.3636)
OS uptime: 1 days 15:21 hours
Hyper-V role detected

CPU: total 8 (initial active 8) (4 cores per cpu, 2 threads per core) family 6 model 94 stepping 3 microcode 0xcc, cx8, cmov, fxsr, ht, mmx, 3dnowpref, sse, sse2, sse3, ssse3, sse4.1, sse4.2, popcnt, lzcnt, tsc, tscinvbit, avx, avx2, aes, erms, clmul, bmi1, bmi2, rtm, adx, fma, vzeroupper, clflush, clflushopt, hv

Memory: 4k page, system-wide physical 16246M (3611M free)
TotalPageFile size 28534M (AvailPageFile size 8778M)
current process WorkingSet (physical memory assigned to process): 37M, peak: 37M
current process commit charge ("private bytes"): 342M, peak: 342M

vm_info: Java HotSpot(TM) 64-Bit Server VM (17.0.9+11-LTS-201) for windows-amd64 JRE (17.0.9+11-LTS-201), built on Oct 10 2023 23:16:06 by "mach5one" with MS VC++ 17.1 (VS2022)

END.
